<?xml version="1.0" encoding="UTF-8"?>
<testsuite xmlns:xsi="http://www.w3.org/2001/XMLSchema-instance" xsi:noNamespaceSchemaLocation="https://maven.apache.org/surefire/maven-surefire-plugin/xsd/surefire-test-report-3.0.xsd" version="3.0" name="kz.zhanbolat.web.UserServiceTest" time="0" tests="3" errors="0" skipped="2" failures="0">
  <properties>
[...]
</properties>
  <testcase name="newUserShouldBeRegistered" classname="kz.zhanbolat.web.UserServiceTest" time="0">
    <skipped/>
  </testcase>
  <testcase name="UserShouldNotBeExisted" classname="kz.zhanbolat.web.UserServiceTest" time="0"/>
  <testcase name="UserShouldBeExisted" classname="kz.zhanbolat.web.UserServiceTest" time="0">
    <skipped/>
  </testcase>
</testsuite>